<test-run id="2" testcasecount="10" result="Passed" start-time="2024-10-30 02:57:58.498636" end-time="2024-10-30 02:58:01.396616" duration="2" total="10" passed="10" failed="0" inconclusive="0" skipped="0" asserts="0" clr-version="3.11.9 (tags/v3.11.9:de54cf5, Apr  2 2024, 10:12:12) [MSC v.1938 64 bit (AMD64)]" engine-version="3.6.2"><command-line>c:\Users\deadl\.vscode\extensions\ms-python.python-2024.16.1-win32-x64\python_files\vscode_pytest\run_pytest_script.py --rootdir=c:\Users\deadl\OneDrive\Documents\UTS\2024\Semester 2\41113\Assignments\Repo\SDSWEB Final Version\sds-lnn-api</command-line><filter><test re="0">c:\Users\deadl\OneDrive\Documents\UTS\2024\Semester 2\41113\Assignments\Repo\SDSWEB Final Version\sds-lnn-api\test\test_ai.py::test_model_training</test><test re="0">c:\Users\deadl\OneDrive\Documents\UTS\2024\Semester 2\41113\Assignments\Repo\SDSWEB Final Version\sds-lnn-api\test\test_ai.py::test_model_predictions</test><test re="0">c:\Users\deadl\OneDrive\Documents\UTS\2024\Semester 2\41113\Assignments\Repo\SDSWEB Final Version\sds-lnn-api\test\test_ai.py::test_verify_output_ranges</test><test re="0">c:\Users\deadl\OneDrive\Documents\UTS\2024\Semester 2\41113\Assignments\Repo\SDSWEB Final Version\sds-lnn-api\test\test_ai.py::test_impact_of_tau_on_forward_pass</test><test re="0">c:\Users\deadl\OneDrive\Documents\UTS\2024\Semester 2\41113\Assignments\Repo\SDSWEB Final Version\sds-lnn-api\test\test_ai.py::test_LNN_specific_parameters</test><test re="0">c:\Users\deadl\OneDrive\Documents\UTS\2024\Semester 2\41113\Assignments\Repo\SDSWEB Final Version\sds-lnn-api\test\test_ai.py::test_input_perturbation</test><test re="0">c:\Users\deadl\OneDrive\Documents\UTS\2024\Semester 2\41113\Assignments\Repo\SDSWEB Final Version\sds-lnn-api\test\test_ai.py::test_long_term_stability</test><test re="0">c:\Users\deadl\OneDrive\Documents\UTS\2024\Semester 2\41113\Assignments\Repo\SDSWEB Final Version\sds-lnn-api\test\test_ai.py::test_extreme_scenarios</test><test re="0">c:\Users\deadl\OneDrive\Documents\UTS\2024\Semester 2\41113\Assignments\Repo\SDSWEB Final Version\sds-lnn-api\test\test_ai.py::test_temporal_consistency</test><test re="0">c:\Users\deadl\OneDrive\Documents\UTS\2024\Semester 2\41113\Assignments\Repo\SDSWEB Final Version\sds-lnn-api\test\test_ai.py::test_spatial_consistency</test></filter><test-suite id="test/test_ai.py" name="test/test_ai.py" fullname="test/test_ai.py" methodname="" classname="" runstate="Runnable" type="Assembly" testcasecount="10" result="Passed" label="" start-time="2024-10-30 02:58:01.081805" end-time="2024-10-30 02:58:01.396616" duration="0.314811" asserts="0" total="10" passed="10" failed="0" warnings="0" inconclusive="0" skipped="0"><properties><property name="python_version" value="3.11.9 (tags/v3.11.9:de54cf5, Apr  2 2024, 10:12:12) [MSC v.1938 64 bit (AMD64)]" /></properties><test-case id="100" name="test/test_ai.py::test_model_training" fullname="test/test_ai.py::test_model_training" methodname="test_model_training" classname="test/test_ai.py" runstate="Runnable" seed="1" result="Passed" label="" start-time="2024-10-30 02:58:01.081805" end-time="2024-10-30 02:58:01.144090" duration="0.062285" asserts="0"><properties><property name="python-version" value="3.11.9 (tags/v3.11.9:de54cf5, Apr  2 2024, 10:12:12) [MSC v.1938 64 bit (AMD64)]" /><property name="fspath" value="test/test_ai.py" /></properties><environment framework-version="3.6.2" clr-version="3.11.9 (tags/v3.11.9:de54cf5, Apr  2 2024, 10:12:12) [MSC v.1938 64 bit (AMD64)]" os-version="10" platform="Windows" cwd="c:\Users\deadl\OneDrive\Documents\UTS\2024\Semester 2\41113\Assignments\Repo\SDSWEB Final Version\sds-lnn-api" machine-name="AMD64" user="" user-domain="" culture="en_AU" uiculture="en_AU" os-architecture="64bit" /><failure><message><![CDATA[]]></message><stack-trace><![CDATA[None]]></stack-trace></failure><reason><message><![CDATA[]]></message></reason><output><![CDATA[]]></output></test-case><test-case id="101" name="test/test_ai.py::test_model_predictions" fullname="test/test_ai.py::test_model_predictions" methodname="test_model_predictions" classname="test/test_ai.py" runstate="Runnable" seed="1" result="Passed" label="" start-time="2024-10-30 02:58:01.145734" end-time="2024-10-30 02:58:01.158119" duration="0.012385" asserts="0"><properties><property name="python-version" value="3.11.9 (tags/v3.11.9:de54cf5, Apr  2 2024, 10:12:12) [MSC v.1938 64 bit (AMD64)]" /><property name="fspath" value="test/test_ai.py" /></properties><environment framework-version="3.6.2" clr-version="3.11.9 (tags/v3.11.9:de54cf5, Apr  2 2024, 10:12:12) [MSC v.1938 64 bit (AMD64)]" os-version="10" platform="Windows" cwd="c:\Users\deadl\OneDrive\Documents\UTS\2024\Semester 2\41113\Assignments\Repo\SDSWEB Final Version\sds-lnn-api" machine-name="AMD64" user="" user-domain="" culture="en_AU" uiculture="en_AU" os-architecture="64bit" /><failure><message><![CDATA[]]></message><stack-trace><![CDATA[None]]></stack-trace></failure><reason><message><![CDATA[]]></message></reason><output><![CDATA[]]></output></test-case><test-case id="102" name="test/test_ai.py::test_verify_output_ranges" fullname="test/test_ai.py::test_verify_output_ranges" methodname="test_verify_output_ranges" classname="test/test_ai.py" runstate="Runnable" seed="1" result="Passed" label="" start-time="2024-10-30 02:58:01.159626" end-time="2024-10-30 02:58:01.174859" duration="0.015233" asserts="0"><properties><property name="python-version" value="3.11.9 (tags/v3.11.9:de54cf5, Apr  2 2024, 10:12:12) [MSC v.1938 64 bit (AMD64)]" /><property name="fspath" value="test/test_ai.py" /></properties><environment framework-version="3.6.2" clr-version="3.11.9 (tags/v3.11.9:de54cf5, Apr  2 2024, 10:12:12) [MSC v.1938 64 bit (AMD64)]" os-version="10" platform="Windows" cwd="c:\Users\deadl\OneDrive\Documents\UTS\2024\Semester 2\41113\Assignments\Repo\SDSWEB Final Version\sds-lnn-api" machine-name="AMD64" user="" user-domain="" culture="en_AU" uiculture="en_AU" os-architecture="64bit" /><failure><message><![CDATA[]]></message><stack-trace><![CDATA[None]]></stack-trace></failure><reason><message><![CDATA[]]></message></reason><output><![CDATA[]]></output></test-case><test-case id="103" name="test/test_ai.py::test_impact_of_tau_on_forward_pass" fullname="test/test_ai.py::test_impact_of_tau_on_forward_pass" methodname="test_impact_of_tau_on_forward_pass" classname="test/test_ai.py" runstate="Runnable" seed="1" result="Passed" label="" start-time="2024-10-30 02:58:01.175862" end-time="2024-10-30 02:58:01.215557" duration="0.039695" asserts="0"><properties><property name="python-version" value="3.11.9 (tags/v3.11.9:de54cf5, Apr  2 2024, 10:12:12) [MSC v.1938 64 bit (AMD64)]" /><property name="fspath" value="test/test_ai.py" /></properties><environment framework-version="3.6.2" clr-version="3.11.9 (tags/v3.11.9:de54cf5, Apr  2 2024, 10:12:12) [MSC v.1938 64 bit (AMD64)]" os-version="10" platform="Windows" cwd="c:\Users\deadl\OneDrive\Documents\UTS\2024\Semester 2\41113\Assignments\Repo\SDSWEB Final Version\sds-lnn-api" machine-name="AMD64" user="" user-domain="" culture="en_AU" uiculture="en_AU" os-architecture="64bit" /><failure><message><![CDATA[]]></message><stack-trace><![CDATA[None]]></stack-trace></failure><reason><message><![CDATA[]]></message></reason><output><![CDATA[]]></output></test-case><test-case id="104" name="test/test_ai.py::test_LNN_specific_parameters" fullname="test/test_ai.py::test_LNN_specific_parameters" methodname="test_LNN_specific_parameters" classname="test/test_ai.py" runstate="Runnable" seed="1" result="Passed" label="" start-time="2024-10-30 02:58:01.216675" end-time="2024-10-30 02:58:01.232330" duration="0.015655" asserts="0"><properties><property name="python-version" value="3.11.9 (tags/v3.11.9:de54cf5, Apr  2 2024, 10:12:12) [MSC v.1938 64 bit (AMD64)]" /><property name="fspath" value="test/test_ai.py" /></properties><environment framework-version="3.6.2" clr-version="3.11.9 (tags/v3.11.9:de54cf5, Apr  2 2024, 10:12:12) [MSC v.1938 64 bit (AMD64)]" os-version="10" platform="Windows" cwd="c:\Users\deadl\OneDrive\Documents\UTS\2024\Semester 2\41113\Assignments\Repo\SDSWEB Final Version\sds-lnn-api" machine-name="AMD64" user="" user-domain="" culture="en_AU" uiculture="en_AU" os-architecture="64bit" /><failure><message><![CDATA[]]></message><stack-trace><![CDATA[None]]></stack-trace></failure><reason><message><![CDATA[]]></message></reason><output><![CDATA[]]></output></test-case><test-case id="105" name="test/test_ai.py::test_input_perturbation" fullname="test/test_ai.py::test_input_perturbation" methodname="test_input_perturbation" classname="test/test_ai.py" runstate="Runnable" seed="1" result="Passed" label="" start-time="2024-10-30 02:58:01.233329" end-time="2024-10-30 02:58:01.250553" duration="0.017224" asserts="0"><properties><property name="python-version" value="3.11.9 (tags/v3.11.9:de54cf5, Apr  2 2024, 10:12:12) [MSC v.1938 64 bit (AMD64)]" /><property name="fspath" value="test/test_ai.py" /></properties><environment framework-version="3.6.2" clr-version="3.11.9 (tags/v3.11.9:de54cf5, Apr  2 2024, 10:12:12) [MSC v.1938 64 bit (AMD64)]" os-version="10" platform="Windows" cwd="c:\Users\deadl\OneDrive\Documents\UTS\2024\Semester 2\41113\Assignments\Repo\SDSWEB Final Version\sds-lnn-api" machine-name="AMD64" user="" user-domain="" culture="en_AU" uiculture="en_AU" os-architecture="64bit" /><failure><message><![CDATA[]]></message><stack-trace><![CDATA[None]]></stack-trace></failure><reason><message><![CDATA[]]></message></reason><output><![CDATA[]]></output></test-case><test-case id="106" name="test/test_ai.py::test_long_term_stability" fullname="test/test_ai.py::test_long_term_stability" methodname="test_long_term_stability" classname="test/test_ai.py" runstate="Runnable" seed="1" result="Passed" label="" start-time="2024-10-30 02:58:01.251056" end-time="2024-10-30 02:58:01.327417" duration="0.076361" asserts="0"><properties><property name="python-version" value="3.11.9 (tags/v3.11.9:de54cf5, Apr  2 2024, 10:12:12) [MSC v.1938 64 bit (AMD64)]" /><property name="fspath" value="test/test_ai.py" /></properties><environment framework-version="3.6.2" clr-version="3.11.9 (tags/v3.11.9:de54cf5, Apr  2 2024, 10:12:12) [MSC v.1938 64 bit (AMD64)]" os-version="10" platform="Windows" cwd="c:\Users\deadl\OneDrive\Documents\UTS\2024\Semester 2\41113\Assignments\Repo\SDSWEB Final Version\sds-lnn-api" machine-name="AMD64" user="" user-domain="" culture="en_AU" uiculture="en_AU" os-architecture="64bit" /><failure><message><![CDATA[]]></message><stack-trace><![CDATA[None]]></stack-trace></failure><reason><message><![CDATA[]]></message></reason><output><![CDATA[]]></output></test-case><test-case id="107" name="test/test_ai.py::test_extreme_scenarios" fullname="test/test_ai.py::test_extreme_scenarios" methodname="test_extreme_scenarios" classname="test/test_ai.py" runstate="Runnable" seed="1" result="Passed" label="" start-time="2024-10-30 02:58:01.328896" end-time="2024-10-30 02:58:01.341916" duration="0.01302" asserts="0"><properties><property name="python-version" value="3.11.9 (tags/v3.11.9:de54cf5, Apr  2 2024, 10:12:12) [MSC v.1938 64 bit (AMD64)]" /><property name="fspath" value="test/test_ai.py" /></properties><environment framework-version="3.6.2" clr-version="3.11.9 (tags/v3.11.9:de54cf5, Apr  2 2024, 10:12:12) [MSC v.1938 64 bit (AMD64)]" os-version="10" platform="Windows" cwd="c:\Users\deadl\OneDrive\Documents\UTS\2024\Semester 2\41113\Assignments\Repo\SDSWEB Final Version\sds-lnn-api" machine-name="AMD64" user="" user-domain="" culture="en_AU" uiculture="en_AU" os-architecture="64bit" /><failure><message><![CDATA[]]></message><stack-trace><![CDATA[None]]></stack-trace></failure><reason><message><![CDATA[]]></message></reason><output><![CDATA[]]></output></test-case><test-case id="108" name="test/test_ai.py::test_temporal_consistency" fullname="test/test_ai.py::test_temporal_consistency" methodname="test_temporal_consistency" classname="test/test_ai.py" runstate="Runnable" seed="1" result="Passed" label="" start-time="2024-10-30 02:58:01.341916" end-time="2024-10-30 02:58:01.375410" duration="0.033494" asserts="0"><properties><property name="python-version" value="3.11.9 (tags/v3.11.9:de54cf5, Apr  2 2024, 10:12:12) [MSC v.1938 64 bit (AMD64)]" /><property name="fspath" value="test/test_ai.py" /></properties><environment framework-version="3.6.2" clr-version="3.11.9 (tags/v3.11.9:de54cf5, Apr  2 2024, 10:12:12) [MSC v.1938 64 bit (AMD64)]" os-version="10" platform="Windows" cwd="c:\Users\deadl\OneDrive\Documents\UTS\2024\Semester 2\41113\Assignments\Repo\SDSWEB Final Version\sds-lnn-api" machine-name="AMD64" user="" user-domain="" culture="en_AU" uiculture="en_AU" os-architecture="64bit" /><failure><message><![CDATA[]]></message><stack-trace><![CDATA[None]]></stack-trace></failure><reason><message><![CDATA[]]></message></reason><output><![CDATA[]]></output></test-case><test-case id="109" name="test/test_ai.py::test_spatial_consistency" fullname="test/test_ai.py::test_spatial_consistency" methodname="test_spatial_consistency" classname="test/test_ai.py" runstate="Runnable" seed="1" result="Passed" label="" start-time="2024-10-30 02:58:01.376523" end-time="2024-10-30 02:58:01.396616" duration="0.020093" asserts="0"><properties><property name="python-version" value="3.11.9 (tags/v3.11.9:de54cf5, Apr  2 2024, 10:12:12) [MSC v.1938 64 bit (AMD64)]" /><property name="fspath" value="test/test_ai.py" /></properties><environment framework-version="3.6.2" clr-version="3.11.9 (tags/v3.11.9:de54cf5, Apr  2 2024, 10:12:12) [MSC v.1938 64 bit (AMD64)]" os-version="10" platform="Windows" cwd="c:\Users\deadl\OneDrive\Documents\UTS\2024\Semester 2\41113\Assignments\Repo\SDSWEB Final Version\sds-lnn-api" machine-name="AMD64" user="" user-domain="" culture="en_AU" uiculture="en_AU" os-architecture="64bit" /><failure><message><![CDATA[]]></message><stack-trace><![CDATA[None]]></stack-trace></failure><reason><message><![CDATA[]]></message></reason><output><![CDATA[]]></output></test-case><environment framework-version="3.6.2" clr-version="3.11.9 (tags/v3.11.9:de54cf5, Apr  2 2024, 10:12:12) [MSC v.1938 64 bit (AMD64)]" os-version="10" platform="Windows" cwd="c:\Users\deadl\OneDrive\Documents\UTS\2024\Semester 2\41113\Assignments\Repo\SDSWEB Final Version\sds-lnn-api" machine-name="AMD64" user="" user-domain="" culture="en_AU" uiculture="en_AU" os-architecture="64bit" /></test-suite></test-run>